<?xml version="1.0" encoding="UTF-8"?>
<!-- Generated by org.testng.reporters.JUnitReportReporter -->
<testsuite skipped="0" hostname="HYDPCM144977L" name="TestRunners.CucumberRunner" tests="1" failures="0" timestamp="29 Sep 2020 10:47:14 GMT" time="20.658" errors="1">
  <testcase name="scenario" time="20.658" classname="TestRunners.CucumberRunner">
    <error type="java.lang.Error" message="org.openqa.selenium.SessionNotCreatedException: session not created: This version of ChromeDriver only supports Chrome version 86
Current browser version is 85.0.4183.83 with binary path C:\Program Files (x86)\Google\Chrome\Application\chrome.exe
Build info: version: &#039;3.12.0&#039;, revision: &#039;7c6e0b3&#039;, time: &#039;2018-05-08T14:04:26.12Z&#039;
System info: host: &#039;HYDPCM144977L&#039;, ip: &#039;192.168.1.11&#039;, os.name: &#039;Windows 10&#039;, os.arch: &#039;amd64&#039;, os.version: &#039;10.0&#039;, java.version: &#039;1.8.0_202&#039;
Driver info: driver.version: SharedDriver
remote stacktrace: Backtrace:
	Ordinal0 [0x0125C013+3194899]
	Ordinal0 [0x01146021+2056225]
	Ordinal0 [0x00FDF608+587272]
	Ordinal0 [0x00F61BF3+72691]
	Ordinal0 [0x00F5E229+57897]
	Ordinal0 [0x00F5C64A+50762]
	Ordinal0 [0x00F81EE9+204521]
	Ordinal0 [0x00F81D0D+204045]
	Ordinal0 [0x00F7FC1B+195611]
	Ordinal0 [0x00F63B7F+80767]
	Ordinal0 [0x00F64B4E+84814]
	Ordinal0 [0x00F64AD9+84697]
	Ordinal0 [0x0115CE64+2149988]
	GetHandleVerifier [0x013CBE95+1400773]
	GetHandleVerifier [0x013CBB61+1399953]
	GetHandleVerifier [0x013D31FA+1430314]
	GetHandleVerifier [0x013CC69F+1402831]
	Ordinal0 [0x01153D61+2112865]
	Ordinal0 [0x0115E5CB+2155979]
	Ordinal0 [0x0115E6F5+2156277]
	Ordinal0 [0x0116F26E+2224750]
	BaseThreadInitThunk [0x754D8494+36]
	RtlAreBitsSet [0x77D54328+136]
	RtlAreBitsSet [0x77D542F8+88]
">
      <![CDATA[java.lang.Error: org.openqa.selenium.SessionNotCreatedException: session not created: This version of ChromeDriver only supports Chrome version 86
Current browser version is 85.0.4183.83 with binary path C:\Program Files (x86)\Google\Chrome\Application\chrome.exe
Build info: version: '3.12.0', revision: '7c6e0b3', time: '2018-05-08T14:04:26.12Z'
System info: host: 'HYDPCM144977L', ip: '192.168.1.11', os.name: 'Windows 10', os.arch: 'amd64', os.version: '10.0', java.version: '1.8.0_202'
Driver info: driver.version: SharedDriver
remote stacktrace: Backtrace:
Ordinal0 [0x0125C013+3194899]
Ordinal0 [0x01146021+2056225]
Ordinal0 [0x00FDF608+587272]
Ordinal0 [0x00F61BF3+72691]
Ordinal0 [0x00F5E229+57897]
Ordinal0 [0x00F5C64A+50762]
Ordinal0 [0x00F81EE9+204521]
Ordinal0 [0x00F81D0D+204045]
Ordinal0 [0x00F7FC1B+195611]
Ordinal0 [0x00F63B7F+80767]
Ordinal0 [0x00F64B4E+84814]
Ordinal0 [0x00F64AD9+84697]
Ordinal0 [0x0115CE64+2149988]
GetHandleVerifier [0x013CBE95+1400773]
GetHandleVerifier [0x013CBB61+1399953]
GetHandleVerifier [0x013D31FA+1430314]
GetHandleVerifier [0x013CC69F+1402831]
Ordinal0 [0x01153D61+2112865]
Ordinal0 [0x0115E5CB+2155979]
Ordinal0 [0x0115E6F5+2156277]
Ordinal0 [0x0116F26E+2224750]
BaseThreadInitThunk [0x754D8494+36]
RtlAreBitsSet [0x77D54328+136]
RtlAreBitsSet [0x77D542F8+88]

at Utilities.SharedDriver.<clinit>(SharedDriver.java:51)
at sun.reflect.NativeConstructorAccessorImpl.newInstance0(Native Method)
at sun.reflect.NativeConstructorAccessorImpl.newInstance(NativeConstructorAccessorImpl.java:62)
at sun.reflect.DelegatingConstructorAccessorImpl.newInstance(DelegatingConstructorAccessorImpl.java:45)
at java.lang.reflect.Constructor.newInstance(Constructor.java:423)
at org.picocontainer.injectors.AbstractInjector.newInstance(AbstractInjector.java:145)
at org.picocontainer.injectors.ConstructorInjector$1.run(ConstructorInjector.java:342)
at org.picocontainer.injectors.AbstractInjector$ThreadLocalCyclicDependencyGuard.observe(AbstractInjector.java:270)
at org.picocontainer.injectors.ConstructorInjector.getComponentInstance(ConstructorInjector.java:364)
at org.picocontainer.injectors.AbstractInjectionFactory$LifecycleAdapter.getComponentInstance(AbstractInjectionFactory.java:56)
at org.picocontainer.behaviors.AbstractBehavior.getComponentInstance(AbstractBehavior.java:64)
at org.picocontainer.behaviors.Stored.getComponentInstance(Stored.java:91)
at org.picocontainer.DefaultPicoContainer.getInstance(DefaultPicoContainer.java:699)
at org.picocontainer.DefaultPicoContainer.getComponent(DefaultPicoContainer.java:647)
at org.picocontainer.DefaultPicoContainer.getComponent(DefaultPicoContainer.java:678)
at cucumber.runtime.java.picocontainer.PicoFactory.getInstance(PicoFactory.java:40)
at cucumber.runtime.java.JavaBackend.buildWorld(JavaBackend.java:122)
at cucumber.runner.Runner.buildBackendWorlds(Runner.java:133)
at cucumber.runner.Runner.runPickle(Runner.java:42)
at cucumber.api.testng.TestNGCucumberRunner.runScenario(TestNGCucumberRunner.java:56)
at TestRunners.CucumberRunner.scenario(CucumberRunner.java:31)
at sun.reflect.NativeMethodAccessorImpl.invoke0(Native Method)
at sun.reflect.NativeMethodAccessorImpl.invoke(NativeMethodAccessorImpl.java:62)
at sun.reflect.DelegatingMethodAccessorImpl.invoke(DelegatingMethodAccessorImpl.java:43)
at java.lang.reflect.Method.invoke(Method.java:498)
at org.testng.internal.MethodInvocationHelper.invokeMethod(MethodInvocationHelper.java:124)
at org.testng.internal.Invoker.invokeMethod(Invoker.java:583)
at org.testng.internal.Invoker.invokeTestMethod(Invoker.java:719)
at org.testng.internal.Invoker.invokeTestMethods(Invoker.java:989)
at org.testng.internal.TestMethodWorker.invokeTestMethods(TestMethodWorker.java:125)
at org.testng.internal.TestMethodWorker.run(TestMethodWorker.java:109)
at org.testng.TestRunner.privateRun(TestRunner.java:648)
at org.testng.TestRunner.run(TestRunner.java:505)
at org.testng.SuiteRunner.runTest(SuiteRunner.java:455)
at org.testng.SuiteRunner.access$000(SuiteRunner.java:40)
at org.testng.SuiteRunner$SuiteWorker.run(SuiteRunner.java:489)
at org.testng.internal.thread.ThreadUtil$1.call(ThreadUtil.java:52)
at java.util.concurrent.FutureTask.run(FutureTask.java:266)
at java.util.concurrent.ThreadPoolExecutor.runWorker(ThreadPoolExecutor.java:1149)
at java.util.concurrent.ThreadPoolExecutor$Worker.run(ThreadPoolExecutor.java:624)
at java.lang.Thread.run(Thread.java:813)
Caused by: org.openqa.selenium.SessionNotCreatedException: session not created: This version of ChromeDriver only supports Chrome version 86
Current browser version is 85.0.4183.83 with binary path C:\Program Files (x86)\Google\Chrome\Application\chrome.exe
Build info: version: '3.12.0', revision: '7c6e0b3', time: '2018-05-08T14:04:26.12Z'
System info: host: 'HYDPCM144977L', ip: '192.168.1.11', os.name: 'Windows 10', os.arch: 'amd64', os.version: '10.0', java.version: '1.8.0_202'
Driver info: driver.version: SharedDriver
remote stacktrace: Backtrace:
Ordinal0 [0x0125C013+3194899]
Ordinal0 [0x01146021+2056225]
Ordinal0 [0x00FDF608+587272]
Ordinal0 [0x00F61BF3+72691]
Ordinal0 [0x00F5E229+57897]
Ordinal0 [0x00F5C64A+50762]
Ordinal0 [0x00F81EE9+204521]
Ordinal0 [0x00F81D0D+204045]
Ordinal0 [0x00F7FC1B+195611]
Ordinal0 [0x00F63B7F+80767]
Ordinal0 [0x00F64B4E+84814]
Ordinal0 [0x00F64AD9+84697]
Ordinal0 [0x0115CE64+2149988]
GetHandleVerifier [0x013CBE95+1400773]
GetHandleVerifier [0x013CBB61+1399953]
GetHandleVerifier [0x013D31FA+1430314]
GetHandleVerifier [0x013CC69F+1402831]
Ordinal0 [0x01153D61+2112865]
Ordinal0 [0x0115E5CB+2155979]
Ordinal0 [0x0115E6F5+2156277]
Ordinal0 [0x0116F26E+2224750]
BaseThreadInitThunk [0x754D8494+36]
RtlAreBitsSet [0x77D54328+136]
RtlAreBitsSet [0x77D542F8+88]

at sun.reflect.NativeConstructorAccessorImpl.newInstance0(Native Method)
at sun.reflect.NativeConstructorAccessorImpl.newInstance(NativeConstructorAccessorImpl.java:62)
at sun.reflect.DelegatingConstructorAccessorImpl.newInstance(DelegatingConstructorAccessorImpl.java:45)
at java.lang.reflect.Constructor.newInstance(Constructor.java:423)
at org.openqa.selenium.remote.W3CHandshakeResponse.lambda$new$0(W3CHandshakeResponse.java:57)
at org.openqa.selenium.remote.W3CHandshakeResponse$$Lambda$201.00000000114B8300.apply(Unknown Source)
at org.openqa.selenium.remote.W3CHandshakeResponse.lambda$getResponseFunction$2(W3CHandshakeResponse.java:104)
at org.openqa.selenium.remote.W3CHandshakeResponse$$Lambda$203.00000000111161E0.apply(Unknown Source)
at org.openqa.selenium.remote.ProtocolHandshake.lambda$createSession$0(ProtocolHandshake.java:123)
at org.openqa.selenium.remote.ProtocolHandshake$$Lambda$204.0000000012DFE760.apply(Unknown Source)
at java.util.stream.ReferencePipeline$3$1.accept(ReferencePipeline.java:193)
at java.util.Spliterators$ArraySpliterator.tryAdvance(Spliterators.java:958)
at java.util.stream.ReferencePipeline.forEachWithCancel(ReferencePipeline.java:126)
at java.util.stream.AbstractPipeline.copyIntoWithCancel(AbstractPipeline.java:513)
at java.util.stream.AbstractPipeline.copyInto(AbstractPipeline.java:500)
at java.util.stream.AbstractPipeline.wrapAndCopyInto(AbstractPipeline.java:486)
at java.util.stream.FindOps$FindOp.evaluateSequential(FindOps.java:152)
at java.util.stream.AbstractPipeline.evaluate(AbstractPipeline.java:241)
at java.util.stream.ReferencePipeline.findFirst(ReferencePipeline.java:464)
at org.openqa.selenium.remote.ProtocolHandshake.createSession(ProtocolHandshake.java:126)
at org.openqa.selenium.remote.ProtocolHandshake.createSession(ProtocolHandshake.java:73)
at org.openqa.selenium.remote.HttpCommandExecutor.execute(HttpCommandExecutor.java:136)
at org.openqa.selenium.remote.service.DriverCommandExecutor.execute(DriverCommandExecutor.java:83)
at org.openqa.selenium.remote.RemoteWebDriver.execute(RemoteWebDriver.java:543)
at org.openqa.selenium.remote.RemoteWebDriver.startSession(RemoteWebDriver.java:207)
at org.openqa.selenium.remote.RemoteWebDriver.<init>(RemoteWebDriver.java:130)
at org.openqa.selenium.chrome.ChromeDriver.<init>(ChromeDriver.java:181)
at org.openqa.selenium.chrome.ChromeDriver.<init>(ChromeDriver.java:168)
at org.openqa.selenium.chrome.ChromeDriver.<init>(ChromeDriver.java:123)
at Utilities.SharedDriver.getBrowser(SharedDriver.java:89)
at Utilities.SharedDriver.<clinit>(SharedDriver.java:48)
... 40 more
]]>
    </error>
  </testcase> <!-- scenario -->
</testsuite> <!-- TestRunners.CucumberRunner -->
